make all --print-data-base --no-builtin-variables --no-builtin-rules --question
make: *** No rule to make target 'all'.  Stop.

# GNU Make 4.3
# Built for x86_64-apple-darwin19.2.0
# Copyright (C) 1988-2020 Free Software Foundation, Inc.
# License GPLv3+: GNU GPL version 3 or later <http://gnu.org/licenses/gpl.html>
# This is free software: you are free to change and redistribute it.
# There is NO WARRANTY, to the extent permitted by law.

# Make data base, printed on Wed May 18 14:31:42 2022

# Variables

# environment
LC_ALL = C
# environment
TMPDIR = /var/folders/97/ycfn9vrx5vn7zdyj2wdlnb180000gn/T/
# environment
XPC_SERVICE_NAME = com.microsoft.VSCode.75224
# environment
VSCODE_IPC_HOOK_EXTHOST = /var/folders/97/ycfn9vrx5vn7zdyj2wdlnb180000gn/T/vscode-ipc-0a3d6472-b92b-48c4-9a3c-b04c5178b5e2.sock
# environment
VSCODE_CWD = /
# environment
GRPC_INSTALL_DIR = /Users/zzh/grpc
# default
MAKE_COMMAND := make
# environment
GOPATH = /Users/zzh/go
# automatic
@D = $(patsubst %/,%,$(dir $@))
# environment
VSCODE_HANDLES_UNCAUGHT_ERRORS = true
# default
.VARIABLES := 
# environment
PWD = /Users/zzh/Desktop/github/mylearn/practice-ssd
# automatic
%D = $(patsubst %/,%,$(dir $%))
# automatic
^D = $(patsubst %/,%,$(dir $^))
# environment
VSCODE_LOG_STACK = false
# automatic
%F = $(notdir $%)
# environment
VSCODE_CODE_CACHE_PATH = /Users/zzh/Library/Application Support/Code/CachedData/da15b6fd3ef856477bf6f4fb29ba1b7af717770d
# environment
LANG = C
# default
.LOADED := 
# default
.INCLUDE_DIRS = /usr/local/Cellar/make/4.3/include /usr/local/include
# environment
__CF_USER_TEXT_ENCODING = 0x1F5:0:0
# makefile
MAKEFLAGS = pqrR
# makefile
CURDIR := /Users/zzh/Desktop/github/mylearn/practice-ssd
# environment
VSCODE_PIPE_LOGGING = true
# environment
APPLICATION_INSIGHTS_NO_DIAGNOSTIC_CHANNEL = 1
# automatic
*D = $(patsubst %/,%,$(dir $*))
# environment
MFLAGS = -pqrR
# environment
SSH_AUTH_SOCK = /private/tmp/com.apple.launchd.9mNouUHqCf/Listeners
# default
.SHELLFLAGS := -c
# automatic
+D = $(patsubst %/,%,$(dir $+))
# makefile
MAKEFILE_LIST := 
# automatic
@F = $(notdir $@)
# environment
VSCODE_VERBOSE_LOGGING = true
# environment
VSCODE_PID = 3515
# automatic
?D = $(patsubst %/,%,$(dir $?))
# automatic
*F = $(notdir $*)
# automatic
<D = $(patsubst %/,%,$(dir $<))
# environment
VSCODE_NLS_CONFIG = {"locale":"zh-cn","availableLanguages":{"*":"zh-cn"},"_languagePackId":"42e84e0914b17800d483f69e299e1b00.zh-cn","_translationsConfigFile":"/Users/zzh/Library/Application Support/Code/clp/42e84e0914b17800d483f69e299e1b00.zh-cn/tcf.json","_cacheRoot":"/Users/zzh/Library/Application Support/Code/clp/42e84e0914b17800d483f69e299e1b00.zh-cn","_resolvedLanguagePackCoreLocation":"/Users/zzh/Library/Application Support/Code/clp/42e84e0914b17800d483f69e299e1b00.zh-cn/da15b6fd3ef856477bf6f4fb29ba1b7af717770d","_corruptedFile":"/Users/zzh/Library/Application Support/Code/clp/42e84e0914b17800d483f69e299e1b00.zh-cn/corrupted.info","_languagePackSupport":true}
# default
MAKE_HOST := x86_64-apple-darwin19.2.0
# makefile
SHELL = /bin/sh
# default
MAKECMDGOALS := all
# environment
SHLVL = 1
# environment
MAKELEVEL := 0
# default
MAKE = $(MAKE_COMMAND)
# environment
PATH = /usr/local/opt/sphinx-doc/bin:/usr/local/bin:/Users/zzh/Desktop/software-tools/astyle/build/mac/bin:/usr/local/opt/make/libexec/gnubin:/Users/zzh/.tiup/bin:/usr/local/opt/mysql-client/bin:/usr/local/bin:/usr/bin:/bin:/usr/sbin:/sbin:/Applications/VMware Fusion.app/Contents/Public:/usr/local/go/bin:/Library/Apple/usr/bin:/Users/zzh/go/bin:/Users/zzh/grpc/bin:/Users/zzh/Library/Python/2.7/bin
# default
MAKEFILES := 
# automatic
^F = $(notdir $^)
# environment
GOBIN = /Users/zzh/go/bin
# environment
VSCODE_LOG_NATIVE = false
# automatic
?F = $(notdir $?)
# automatic
+F = $(notdir $+)
# environment
ORIGINAL_XDG_CURRENT_DESKTOP = undefined
# 'override' directive
GNUMAKEFLAGS := 
# environment
LOGNAME = zzh
# environment
XPC_FLAGS = 0x0
# makefile
.DEFAULT_GOAL := 
# environment
USER = zzh
# default
MAKE_VERSION := 4.3
# environment
_ = /usr/local/opt/make/libexec/gnubin/make
# environment
VSCODE_AMD_ENTRYPOINT = vs/workbench/api/node/extensionHostProcess
# environment
HOME = /Users/zzh
# environment
ELECTRON_RUN_AS_NODE = 1
# environment
VSCODE_IPC_HOOK = /Users/zzh/Library/Application Support/Code/1.67.1-main.sock
# default
.RECIPEPREFIX := 
# automatic
<F = $(notdir $<)
# default
SUFFIXES := 
# default
.FEATURES := target-specific order-only second-expansion else-if shortest-stem undefine oneshell nocomment grouped-target extra-prereqs archives jobserver output-sync check-symlink load
# variable set hash-table stats:
# Load=67/1024=7%, Rehash=0, Collisions=2/92=2%

# Pattern-specific Variable Values

# No pattern-specific variable values.

# Directories

# . (device 16777220, inode 49913132): 9 files, no impossibilities.

# 9 files, no impossibilities in 1 directories.

# Implicit Rules

# No implicit rules.

# Files

# Not a target:
Makefile:
#  Implicit rule search has been done.
#  File does not exist.
#  File has been updated.
#  Failed to be updated.

# Not a target:
.DEFAULT:
#  Implicit rule search has not been done.
#  Modification time never checked.
#  File has not been updated.

# Not a target:
all:
 
#  Command line target.
#  Implicit rule search has been done.
#  File does not exist.
#  File has not been updated.

# Not a target:
makefile:
#  Implicit rule search has been done.
#  File does not exist.
#  File has been updated.
#  Failed to be updated.

# Not a target:
GNUmakefile:
#  Implicit rule search has been done.
#  File does not exist.
#  File has been updated.
#  Failed to be updated.

# files hash-table stats:
# Load=6/1024=1%, Rehash=0, Collisions=0/15=0%
# VPATH Search Paths

# No 'vpath' search paths.

# No general ('VPATH' variable) search path.

# strcache buffers: 1 (0) / strings = 17 / storage = 166 B / avg = 9 B
# current buf: size = 8162 B / used = 166 B / count = 17 / avg = 9 B

# strcache performance: lookups = 19 / hit rate = 10%
# hash-table stats:
# Load=17/8192=0%, Rehash=0, Collisions=0/19=0%
# Finished Make data base on Wed May 18 14:31:42 2022

 
